%このファイルは日本語文字を含みます.
\BOOKMARK [1][-]{section.1}{\376\377\160\153\146\037\210\133\146\037\060\156\215\167\156\220\040\025\211\263\156\054\122\066\175\004\060\150\215\167\156\220\116\356\212\254\060\156\133\376\172\313\216\370}{}% 1
\BOOKMARK [2][-]{subsection.1.1}{\376\377\211\263\156\054\060\114\171\072\060\131\116\214\060\144\060\156\122\066\175\004}{section.1}% 2
\BOOKMARK [2][-]{subsection.1.2}{\376\377\143\125\163\162\215\167\156\220\212\254\377\032\162\151\214\352\060\156\212\254\146\016\122\233\060\150\122\233\133\146\166\204\126\360\226\343}{section.1}% 3
\BOOKMARK [2][-]{subsection.1.3}{\376\377\135\350\131\047\210\135\172\201\215\167\156\220\212\254\377\032\216\314\220\123\060\156\201\352\161\066\060\125\060\150\162\151\214\352\166\204\060\321\060\351\060\311\060\303\060\257\060\271}{section.1}% 4
\BOOKMARK [2][-]{subsection.1.4}{\376\377\134\017\142\354\377\032\215\167\156\220\125\117\230\114\060\114\211\201\212\313\060\131\060\213\060\342\060\307\060\353\123\026\060\156\134\004\172\013}{section.1}% 5
\BOOKMARK [1][-]{section.2}{\376\377\121\110\210\114\170\024\172\166\377\032\121\205\120\164\121\206\166\344\060\114\176\113\060\120\210\133\146\037\137\142\142\020\060\156\060\271\060\310\060\374\060\352\060\374}{}% 6
\BOOKMARK [2][-]{subsection.2.1}{\376\377\135\350\131\047\210\135\172\201\060\114\117\134\060\213\121\205\120\164\121\206\166\344\377\032\210\135\172\201\166\364\137\214\212\010\173\227\060\114\116\016\060\110\060\137\122\035\147\037\147\141\116\366}{section.2}% 7
\BOOKMARK [2][-]{subsection.2.2}{\376\377\121\205\120\164\121\206\166\344\060\114\131\026\120\164\137\142\142\020\060\222\231\306\122\325\060\131\060\213\377\032\116\000\146\102\166\204\121\205\120\164\210\133\146\037\060\150\121\161\234\364\143\203\137\025}{section.2}% 8
\BOOKMARK [2][-]{subsection.2.3}{\376\377\121\205\120\164\121\206\166\344\060\156\174\230\140\047\220\062\123\026\060\150\157\156\154\120\377\032\155\367\142\020\060\342\060\307\060\353\060\153\060\210\060\213\225\167\147\037\143\317\120\317}{section.2}% 9
\BOOKMARK [2][-]{subsection.2.4}{\376\377\134\017\142\354\377\032\121\110\210\114\170\024\172\166\060\156\122\060\220\124\160\271\060\150\153\213\060\125\060\214\060\137\143\245\175\232\060\156\172\172\166\175}{section.2}% 10
\BOOKMARK [1][-]{section.3}{\376\377\147\054\170\024\172\166\060\156\167\100\167\074\160\271\377\032\220\167\171\373\147\037\060\156\214\352\221\317\123\316\145\057}{}% 11
\BOOKMARK [2][-]{subsection.3.1}{\376\377\220\167\171\373\147\037\060\150\060\157\117\125\060\113}{section.3}% 12
\BOOKMARK [2][-]{subsection.3.2}{\376\377\220\167\171\373\147\037\060\153\120\315\060\115\137\227\060\213\217\375\122\240\060\156\144\015\131\061\175\114\215\357}{section.3}% 13
\BOOKMARK [2][-]{subsection.3.3}{\376\377\122\035\147\037\147\141\116\366\060\320\060\244\060\242\060\271\060\150\060\127\060\146\060\156\125\117\230\114}{section.3}% 14
\BOOKMARK [2][-]{subsection.3.4}{\376\377\147\054\170\024\172\166\060\114\134\016\121\145\060\131\060\213\145\164\164\006\216\370}{section.3}% 15
\BOOKMARK [1][-]{section.4}{\376\377\170\024\172\166\166\356\166\204\060\373\214\242\163\056}{}% 16
\BOOKMARK [2][-]{subsection.4.1}{\376\377\170\024\172\166\166\356\166\204}{section.4}% 17
\BOOKMARK [2][-]{subsection.4.2}{\376\377\147\054\170\024\172\166\060\156\214\242\163\056}{section.4}% 18
\BOOKMARK [1][-]{section.5}{\376\377\147\054\212\326\145\207\060\156\151\313\142\020\377\010\124\004\172\340\060\147\117\125\060\222\060\131\060\213\060\113\377\011}{}% 19
